<?xml version="1.0" encoding="UTF-8"?>
<!-- Generated by org.testng.reporters.JUnitReportReporter -->
<testsuite skipped="0" hostname="WIN-PR65CML43C1" name="com.edu.httpclient_demo.Submit" tests="1" failures="0" timestamp="17 十二月 2019 07:35:09 GMT" time="2.397" errors="0">
  <testcase name="Testsubmit" time="2.397" classname="com.edu.httpclient_demo.Submit"/>
</testsuite> <!-- com.edu.httpclient_demo.Submit -->
