<?xml version="1.0" encoding="UTF-8"?>
<!-- Generated by org.testng.reporters.JUnitReportReporter -->
<testsuite skipped="0" hostname="WIN-PR65CML43C1" name="com.edu.httpclient_demo.LoginTest" tests="3" failures="0" timestamp="17 十二月 2019 07:27:18 GMT" time="1.396" errors="0">
  <testcase name="test2" time="0.028" classname="com.edu.httpclient_demo.LoginTest"/>
  <testcase name="test1" time="1.350" classname="com.edu.httpclient_demo.LoginTest"/>
  <testcase name="test3" time="0.018" classname="com.edu.httpclient_demo.LoginTest"/>
</testsuite> <!-- com.edu.httpclient_demo.LoginTest -->
