<?xml version="1.0" encoding="UTF-8"?>
<!-- Generated by org.testng.reporters.JUnitReportReporter -->
<testsuite skipped="0" hostname="WIN-PR65CML43C1" name="com.edu.httpclient_demo.Addresslist" tests="3" failures="0" timestamp="17 十二月 2019 07:33:29 GMT" time="2.716" errors="0">
  <testcase name="nulladdress" time="2.649" classname="com.edu.httpclient_demo.Addresslist"/>
  <testcase name="add1" time="0.030" classname="com.edu.httpclient_demo.Addresslist"/>
  <testcase name="addresslist" time="0.037" classname="com.edu.httpclient_demo.Addresslist"/>
</testsuite> <!-- com.edu.httpclient_demo.Addresslist -->
