<?xml version="1.0" encoding="UTF-8"?>
<!-- Generated by org.testng.reporters.JUnitReportReporter -->
<testsuite skipped="0" hostname="WIN-PR65CML43C1" name="com.edu.httpclient_demo.DeleteAddress" tests="2" failures="0" timestamp="17 十二月 2019 07:23:43 GMT" time="1.934" errors="0">
  <testcase name="test2" time="0.049" classname="com.edu.httpclient_demo.DeleteAddress"/>
  <testcase name="test1" time="1.885" classname="com.edu.httpclient_demo.DeleteAddress"/>
</testsuite> <!-- com.edu.httpclient_demo.DeleteAddress -->
